<?xml version="1.0" encoding="UTF-8"?>
<!-- Generated by org.testng.reporters.JUnitReportReporter -->
<testsuite hostname="DIN19000866" failures="0" tests="1" name="testScripts.MainTest" time="0.000" errors="0" timestamp="2020-03-12T21:25:21 IST" skipped="1">
  <testcase classname="testScripts.MainTest" name="TestCreateCarLoanApplication" time="0.000">
    <skipped/>
  </testcase> <!-- TestCreateCarLoanApplication -->
</testsuite> <!-- testScripts.MainTest -->
